<?xml version="1.0" encoding="UTF-8"?>
<testng-results ignored="0" total="1" passed="1" failed="0" skipped="0">
  <reporter-output>
  </reporter-output>
  <suite started-at="2022-11-21T00:33:51 IST" name="Default suite" finished-at="2022-11-21T00:33:51 IST" duration-ms="183">
    <groups>
    </groups>
    <test started-at="2022-11-21T00:33:51 IST" name="Default test" finished-at="2022-11-21T00:33:51 IST" duration-ms="183">
      <class name="testcases.HomePage">
        <test-method is-config="true" signature="launch()[pri:0, instance:testcases.HomePage@625732]" started-at="2022-11-21T00:33:42 IST" name="launch" finished-at="2022-11-21T00:33:51 IST" duration-ms="9457" status="PASS">
          <reporter-output>
          </reporter-output>
        </test-method> <!-- launch -->
        <test-method signature="HomePageElementcheck()[pri:0, instance:testcases.HomePage@625732]" started-at="2022-11-21T00:33:51 IST" name="HomePageElementcheck" finished-at="2022-11-21T00:33:51 IST" duration-ms="162" status="PASS">
          <reporter-output>
          </reporter-output>
        </test-method> <!-- HomePageElementcheck -->
        <test-method is-config="true" signature="tearDown()[pri:0, instance:testcases.HomePage@625732]" started-at="2022-11-21T00:33:51 IST" name="tearDown" finished-at="2022-11-21T00:33:52 IST" duration-ms="130" status="PASS">
          <reporter-output>
          </reporter-output>
        </test-method> <!-- tearDown -->
      </class> <!-- testcases.HomePage -->
    </test> <!-- Default test -->
  </suite> <!-- Default suite -->
</testng-results>
